[flex-gateway-agent][info] Running Envoy XDS Service...
[flex-gateway-agent][info] Running Status API...
[flex-gateway-agent][info] Running Configuration Service...
[flex-gateway-agent][info] Running Signals Handler...
[flex-gateway-agent][info] Running Common Server...
[flex-gateway-agent][info] XdsService: Listening on /var/tmp/mulesoft/flex-gateway/flex-agent-xds.sock
[flex-gateway-agent][info] DirectoryDataSource(/usr/local/share/mulesoft/flex-gateway/conf.d): Watching...
[flex-gateway-agent][info] MetricsScheduler: Waiting for config ready
[flex-gateway-agent][info] flex-gateway-envoy: Waiting for config
[flex-gateway-agent][info] DirectoryDataSource(/etc/mulesoft/flex-gateway/conf.d): Watching...
[flex-gateway-agent][info] Common Server: listening on addr /var/tmp/mulesoft/flex-gateway/flex-agent-services.sock
[flex-gateway-agent][info] StatusAPI: listening on addr /var/tmp/mulesoft/flex-gateway/flex-agent-status-api.sock
[flex-gateway-agent][info] flex-gateway-fluent: Waiting for config
[flex-gateway-agent][info] RTMDataSource: Starting
[flex-gateway-agent][info] FilesystemWatcher(/etc/mulesoft/flex-gateway/conf.d): Watching...
[flex-gateway-agent][info] Reading config file '/etc/mulesoft/flex-gateway/conf.d/base/extensions-definitions-extended-wasm.yaml'
[flex-gateway-agent][info] Reading config file '/etc/mulesoft/flex-gateway/conf.d/base/extensions-definitions-weighted-routing.yaml'
[flex-gateway-agent][info] FilesystemWatcher(/usr/local/share/mulesoft/flex-gateway/conf.d): Watching...
[flex-gateway-agent][info] Reading config file '/usr/local/share/mulesoft/flex-gateway/conf.d/api.yaml'
[flex-gateway-agent][info] Reading config file '/etc/mulesoft/flex-gateway/conf.d/base/extensions-definitions.yaml'
[flex-gateway-agent][info] Reading config file '/usr/local/share/mulesoft/flex-gateway/conf.d/custom-policies/simple_oauth_2_validation_grpc_definition.yaml'
[flex-gateway-agent][info] Reading config file '/usr/local/share/mulesoft/flex-gateway/conf.d/custom-policies/simple_oauth_2_validation_grpc_implementation.yaml'
[flex-gateway-agent][info] Reading config file '/etc/mulesoft/flex-gateway/conf.d/policies/basic_authentication.yaml'
[flex-gateway-agent][info] Reading config file '/etc/mulesoft/flex-gateway/conf.d/policies/client_id_enforcement.yaml'
[flex-gateway-agent][info] Reading config file '/etc/mulesoft/flex-gateway/conf.d/policies/cors.yaml'
[flex-gateway-agent][info] Reading config file '/etc/mulesoft/flex-gateway/conf.d/policies/header_injection.yaml'
[flex-gateway-agent][info] Reading config file '/etc/mulesoft/flex-gateway/conf.d/policies/header_removal.yaml'
[flex-gateway-agent][info] Reading config file '/etc/mulesoft/flex-gateway/conf.d/policies/health_check.yaml'
[flex-gateway-agent][info] Reading config file '/etc/mulesoft/flex-gateway/conf.d/policies/http_caching.yaml'
[flex-gateway-agent][info] Reading config file '/etc/mulesoft/flex-gateway/conf.d/policies/ip_allowlist.yaml'
[flex-gateway-agent][info] Reading config file '/etc/mulesoft/flex-gateway/conf.d/policies/ip_blocklist.yaml'
[flex-gateway-agent][info] Reading config file '/etc/mulesoft/flex-gateway/conf.d/policies/json_threat_protection.yaml'
[flex-gateway-agent][info] Reading config file '/etc/mulesoft/flex-gateway/conf.d/policies/jwt_validation.yaml'
[flex-gateway-agent][info] Reading config file '/etc/mulesoft/flex-gateway/conf.d/policies/ldap_authentication.yaml'
[flex-gateway-agent][info] Reading config file '/etc/mulesoft/flex-gateway/conf.d/policies/logging.yaml'
[flex-gateway-agent][info] Reading config file '/etc/mulesoft/flex-gateway/conf.d/policies/metrics.yaml'
[flex-gateway-agent][info] Reading config file '/etc/mulesoft/flex-gateway/conf.d/policies/native_ext_authz.yaml'
[flex-gateway-agent][info] Reading config file '/etc/mulesoft/flex-gateway/conf.d/policies/native_ext_proc.yaml'
[flex-gateway-agent][info] Reading config file '/etc/mulesoft/flex-gateway/conf.d/policies/oauth2_token_introspection.yaml'
[flex-gateway-agent][info] Reading config file '/etc/mulesoft/flex-gateway/conf.d/policies/open_id.yaml'
[flex-gateway-agent][info] Reading config file '/etc/mulesoft/flex-gateway/conf.d/policies/rate_limit.yaml'
[flex-gateway-agent][info] Reading config file '/etc/mulesoft/flex-gateway/conf.d/policies/rate_limit_sla.yaml'
[flex-gateway-agent][info] Reading config file '/etc/mulesoft/flex-gateway/conf.d/policies/spec_validation.yaml'
[flex-gateway-agent][info] Reading config file '/etc/mulesoft/flex-gateway/conf.d/policies/spike_control.yaml'
[flex-gateway-agent][info] Reading config file '/usr/local/share/mulesoft/flex-gateway/conf.d/logging.yaml'
[flex-gateway-agent][info] Creating gateway
[flex-gateway-agent][info] Processing commands
[flex-gateway-agent][error] Processing commands errors: (Extension default/http-caching-definition: the registration configuration is missing), (Extension default/header-injection-impl: the registration configuration is missing), (Extension default/tls: the registration configuration is missing), (Extension default/header-injection-definition: the registration configuration is missing), (Extension default/native-ext-proc-flex: the registration configuration is missing), (Extension default/ldap-authentication-flex: the registration configuration is missing), (Extension default/cors-definition: the registration configuration is missing), (Extension default/json-threat-protection-definition: the registration configuration is missing), (Extension default/ip-blocklist-definition: the registration configuration is missing), (Extension default/shared-storage: the registration configuration is missing), (Extension default/envoy-filter: the registration configuration is missing), (Extension default/http-caching-flex: the registration configuration is missing), (Extension default/route: the registration configuration is missing), (Extension default/ip-blocklist-flex: the registration configuration is missing), (Extension default/open-id-impl: the registration configuration is missing), (Extension default/tls-common: the registration configuration is missing), (Extension default/tls-inbound: the registration configuration is missing), (Extension default/extension-implementation: the registration configuration is missing), (Extension default/native-ext-proc-definition: the registration configuration is missing), (Extension default/native-ext-authz-flex: the registration configuration is missing), (Extension default/open-id-definition: the registration configuration is missing), (Extension default/rate-limit-sla-definition: the registration configuration is missing), (Extension default/openidconnect-access-token-enforcement-flex: the registration configuration is missing), (Extension default/cors-flex: the registration configuration is missing), (Extension default/header-removal-impl: the registration configuration is missing), (Extension default/envoy-route: the registration configuration is missing), (Extension default/extension-definition: the registration configuration is missing), (Extension default/logging-definition: the registration configuration is missing), (Extension default/extension-inbound: the registration configuration is missing), (Extension default/json-threat-protection-flex: the registration configuration is missing), (Extension default/rate-limiting-sla-based-flex: the registration configuration is missing), (Extension default/envoy-api-context: the registration configuration is missing), (Extension default/simple-oauth-2-validation-grpc-v1-0-impl: the registration configuration is missing), (Extension default/route-weighted-definition-v1: the registration configuration is missing), (Extension default/simple-oauth-2-validation-grpc-v1-0: the registration configuration is missing), (Extension default/tls-outbound: the registration configuration is missing), (Extension default/spike-control-flex: the registration configuration is missing), (Extension default/extension-authorization: the registration configuration is missing), (Extension default/extension-qos: the registration configuration is missing), (Extension default/metrics: the registration configuration is missing), (Extension default/route-weighted-v1: the registration configuration is missing), (Extension default/ip-allowlist-definition: the registration configuration is missing), (Extension default/extension-outbound: the registration configuration is missing), (Extension default/native-ext-authz-definition: the registration configuration is missing), (Extension default/spec-validation-flex: the registration configuration is missing), (Extension default/oauth2-token-introspection-definition: the registration configuration is missing), (Extension default/jwt-validation-flex: the registration configuration is missing), (Extension default/http-basic-authentication-definition: the registration configuration is missing), (Extension default/oauth2-token-introspection-impl: the registration configuration is missing), (Extension default/envoy-tls: the registration configuration is missing), (Extension default/header-injection-flex: the registration configuration is missing), (Extension default/client-id-enforcement-flex: the registration configuration is missing), (Extension default/client-id-enforcement-definition: the registration configuration is missing), (Extension default/http-basic-authentication-flex: the registration configuration is missing), (Extension default/jwt-validation-definition: the registration configuration is missing), (Extension default/spec-validation-flex-definition: the registration configuration is missing), (Extension default/proxy-wasm-filter: the registration configuration is missing), (Extension default/route-weighted: the registration configuration is missing), (Extension default/api-context: the registration configuration is missing), (Extension default/rate-limiting-flex: the registration configuration is missing), (Extension default/spike-schema: the registration configuration is missing), (Extension default/ip-allowlist-flex: the registration configuration is missing), (Extension default/extension-metrics: the registration configuration is missing), (Extension default/health-check-flex: the registration configuration is missing), (Extension default/message-logging-flex: the registration configuration is missing), (Extension default/route-weighted-flex-v1-0-0: the registration configuration is missing), (Extension default/rate-limit-definition: the registration configuration is missing), (Extension default/header-removal-flex: the registration configuration is missing), (Extension default/extended-wasm-v1-0-0: the registration configuration is missing), (Extension default/header-removal-definition: the registration configuration is missing), (Extension default/health-check-definition: the registration configuration is missing), (Extension default/oauth2-token-introspection-flex: the registration configuration is missing), (Extension default/extension-authentication: the registration configuration is missing), (ApiInstance default/ingress-http: the registration configuration is missing)
[flex-gateway-agent][info] Validating gateway
[flex-gateway-agent][info] Generating config
[flex-gateway-agent][info] Writing envoy bootstrap configuration to /var/tmp/mulesoft/flex-gateway/envoy.json
[flex-gateway-agent][info] Logger: setting level to 'debug'
[flex-gateway-agent][debug] EOLDataSource: sent configuration message
[flex-gateway-agent][info] flex-gateway-fluent: Starting
[flex-gateway-agent][info] flex-gateway-fluent: Starting
[flex-gateway-agent][info] flex-gateway-envoy: Starting
[flex-gateway-agent][debug] SharedStorage: adding healthCheckHandler
[flex-gateway-agent][debug] adding store handler
[flex-gateway-agent][info] LocalSharedStorage(local): listening on addr /var/tmp/mulesoft/flex-gateway/flex-agent-storage.sock
[flex-gateway-fluent] Fluent Bit v2.0.11
[flex-gateway-fluent] * Copyright (C) 2015-2022 The Fluent Bit Authors
[flex-gateway-fluent] * Fluent Bit is a CNCF sub-project under the umbrella of Fluentd
[flex-gateway-fluent] * https://fluentbit.io
[flex-gateway-envoy][info] initializing epoch 0 (base id=0, hot restart version=disabled)
[flex-gateway-envoy][info] statically linked extensions:
[flex-gateway-envoy][info]   envoy.upstreams: envoy.filters.connection_pools.tcp.generic
[flex-gateway-envoy][info]   envoy.matching.action: envoy.matching.actions.format_string, filter-chain-name
[flex-gateway-envoy][info]   envoy.dubbo_proxy.serializers: dubbo.hessian2
[flex-gateway-envoy][info]   envoy.retry_host_predicates: envoy.retry_host_predicates.omit_canary_hosts, envoy.retry_host_predicates.omit_host_metadata, envoy.retry_host_predicates.previous_hosts
[flex-gateway-envoy][info]   envoy.wasm.runtime: envoy.wasm.runtime.null, envoy.wasm.runtime.v8
[flex-gateway-envoy][info]   envoy.filters.http.upstream: envoy.buffer, envoy.filters.http.admission_control, envoy.filters.http.buffer, envoy.filters.http.header_mutation, envoy.filters.http.upstream_codec
[flex-gateway-envoy][info]   envoy.quic.server.crypto_stream: envoy.quic.crypto_stream.server.quiche
[flex-gateway-envoy][info]   envoy.filters.udp.session: envoy.filters.udp.session.dynamic_forward_proxy, envoy.filters.udp.session.http_capsule
[flex-gateway-envoy][info]   envoy.geoip_providers: envoy.geoip_providers.maxmind
[flex-gateway-envoy][info]   envoy.filters.network: envoy.echo, envoy.ext_authz, envoy.filters.network.connection_limit, envoy.filters.network.direct_response, envoy.filters.network.dubbo_proxy, envoy.filters.network.echo, envoy.filters.network.ext_authz, envoy.filters.network.http_connection_manager, envoy.filters.network.local_ratelimit, envoy.filters.network.mongo_proxy, envoy.filters.network.ratelimit, envoy.filters.network.rbac, envoy.filters.network.redis_proxy, envoy.filters.network.set_filter_state, envoy.filters.network.sni_cluster, envoy.filters.network.sni_dynamic_forward_proxy, envoy.filters.network.tcp_proxy, envoy.filters.network.thrift_proxy, envoy.filters.network.wasm, envoy.filters.network.zookeeper_proxy, envoy.http_connection_manager, envoy.mongo_proxy, envoy.ratelimit, envoy.redis_proxy, envoy.tcp_proxy
[flex-gateway-envoy][info]   envoy.http.custom_response: envoy.extensions.http.custom_response.local_response_policy, envoy.extensions.http.custom_response.redirect_policy
[flex-gateway-envoy][info]   envoy.filters.listener: envoy.filters.listener.http_inspector, envoy.filters.listener.local_ratelimit, envoy.filters.listener.original_dst, envoy.filters.listener.original_src, envoy.filters.listener.proxy_protocol, envoy.filters.listener.tls_inspector, envoy.listener.http_inspector, envoy.listener.original_dst, envoy.listener.original_src, envoy.listener.proxy_protocol, envoy.listener.tls_inspector
[flex-gateway-envoy][info]   envoy.http.cache: envoy.extensions.http.cache.file_system_http_cache, envoy.extensions.http.cache.simple
[flex-gateway-envoy][info]   envoy.stats_sinks: envoy.dog_statsd, envoy.graphite_statsd, envoy.metrics_service, envoy.open_telemetry_stat_sink, envoy.stat_sinks.dog_statsd, envoy.stat_sinks.graphite_statsd, envoy.stat_sinks.hystrix, envoy.stat_sinks.metrics_service, envoy.stat_sinks.open_telemetry, envoy.stat_sinks.statsd, envoy.stat_sinks.wasm, envoy.statsd
[flex-gateway-envoy][info]   envoy.udp_packet_writer: envoy.udp_packet_writer.default, envoy.udp_packet_writer.gso
[flex-gateway-envoy][info]   envoy.http.stateful_session: envoy.http.stateful_session.cookie, envoy.http.stateful_session.header
[flex-gateway-envoy][info]   envoy.regex_engines: envoy.regex_engines.google_re2
[flex-gateway-envoy][info]   envoy.matching.input_matchers: envoy.matching.matchers.cel_matcher, envoy.matching.matchers.consistent_hashing, envoy.matching.matchers.ip, envoy.matching.matchers.runtime_fraction
[flex-gateway-envoy][info]   envoy.guarddog_actions: envoy.watchdog.abort_action, envoy.watchdog.profile_action
[flex-gateway-envoy][info]   envoy.tracers.opentelemetry.samplers: envoy.tracers.opentelemetry.samplers.always_on
[flex-gateway-envoy][info]   envoy.filters.udp_listener: envoy.filters.udp.dns_filter, envoy.filters.udp_listener.udp_proxy
[flex-gateway-envoy][info]   envoy.upstream_options: envoy.extensions.upstreams.http.v3.HttpProtocolOptions, envoy.extensions.upstreams.tcp.v3.TcpProtocolOptions, envoy.upstreams.http.http_protocol_options, envoy.upstreams.tcp.tcp_protocol_options
[flex-gateway-envoy][info]   envoy.rbac.matchers: envoy.rbac.matchers.upstream_ip_port
[flex-gateway-envoy][info]   envoy.tracers.opentelemetry.resource_detectors: envoy.tracers.opentelemetry.resource_detectors.dynatrace, envoy.tracers.opentelemetry.resource_detectors.environment
[flex-gateway-envoy][info]   envoy.matching.common_inputs: envoy.matching.common_inputs.environment_variable
[flex-gateway-envoy][info]   envoy.formatter: envoy.formatter.cel, envoy.formatter.metadata, envoy.formatter.req_without_query
[flex-gateway-envoy][info]   envoy.grpc_credentials: envoy.grpc_credentials.aws_iam, envoy.grpc_credentials.default, envoy.grpc_credentials.file_based_metadata
[flex-gateway-envoy][info]   envoy.http.stateful_header_formatters: envoy.http.stateful_header_formatters.preserve_case, preserve_case
[flex-gateway-envoy][info]   envoy.dubbo_proxy.filters: envoy.filters.dubbo.router
[flex-gateway-envoy][info]   envoy.connection_handler: envoy.connection_handler.default
[flex-gateway-envoy][info]   envoy.compression.decompressor: envoy.compression.brotli.decompressor, envoy.compression.gzip.decompressor, envoy.compression.zstd.decompressor
[flex-gateway-envoy][info]   envoy.filters.http: envoy.bandwidth_limit, envoy.buffer, envoy.cors, envoy.csrf, envoy.ext_authz, envoy.ext_proc, envoy.fault, envoy.filters.http.adaptive_concurrency, envoy.filters.http.admission_control, envoy.filters.http.alternate_protocols_cache, envoy.filters.http.aws_lambda, envoy.filters.http.aws_request_signing, envoy.filters.http.bandwidth_limit, envoy.filters.http.basic_auth, envoy.filters.http.buffer, envoy.filters.http.cache, envoy.filters.http.cdn_loop, envoy.filters.http.composite, envoy.filters.http.compressor, envoy.filters.http.connect_grpc_bridge, envoy.filters.http.cors, envoy.filters.http.csrf, envoy.filters.http.custom_response, envoy.filters.http.decompressor, envoy.filters.http.dynamic_forward_proxy, envoy.filters.http.ext_authz, envoy.filters.http.ext_proc, envoy.filters.http.fault, envoy.filters.http.file_system_buffer, envoy.filters.http.gcp_authn, envoy.filters.http.geoip, envoy.filters.http.grpc_field_extraction, envoy.filters.http.grpc_http1_bridge, envoy.filters.http.grpc_http1_reverse_bridge, envoy.filters.http.grpc_json_transcoder, envoy.filters.http.grpc_stats, envoy.filters.http.grpc_web, envoy.filters.http.header_mutation, envoy.filters.http.header_to_metadata, envoy.filters.http.health_check, envoy.filters.http.ip_tagging, envoy.filters.http.json_to_metadata, envoy.filters.http.jwt_authn, envoy.filters.http.local_ratelimit, envoy.filters.http.lua, envoy.filters.http.match_delegate, envoy.filters.http.oauth2, envoy.filters.http.on_demand, envoy.filters.http.original_src, envoy.filters.http.rate_limit_quota, envoy.filters.http.ratelimit, envoy.filters.http.rbac, envoy.filters.http.router, envoy.filters.http.set_filter_state, envoy.filters.http.set_metadata, envoy.filters.http.stateful_session, envoy.filters.http.tap, envoy.filters.http.wasm, envoy.geoip, envoy.grpc_http1_bridge, envoy.grpc_json_transcoder, envoy.grpc_web, envoy.health_check, envoy.ip_tagging, envoy.local_rate_limit, envoy.lua, envoy.rate_limit, envoy.router
[flex-gateway-envoy][info]   envoy.http.header_validators: envoy.http.header_validators.envoy_default
[flex-gateway-envoy][info]   envoy.quic.proof_source: envoy.quic.proof_source.filter_chain
[flex-gateway-envoy][info]   envoy.upstream.local_address_selector: envoy.upstream.local_address_selector.default_local_address_selector
[flex-gateway-envoy][info]   envoy.network.dns_resolver: envoy.network.dns_resolver.cares, envoy.network.dns_resolver.getaddrinfo
[flex-gateway-envoy][info]   envoy.route.early_data_policy: envoy.route.early_data_policy.default
[flex-gateway-envoy][info]   envoy.transport_sockets.upstream: envoy.transport_sockets.alts, envoy.transport_sockets.http_11_proxy, envoy.transport_sockets.internal_upstream, envoy.transport_sockets.quic, envoy.transport_sockets.raw_buffer, envoy.transport_sockets.starttls, envoy.transport_sockets.tap, envoy.transport_sockets.tcp_stats, envoy.transport_sockets.tls, envoy.transport_sockets.upstream_proxy_protocol, raw_buffer, starttls, tls
[flex-gateway-envoy][info]   envoy.transport_sockets.downstream: envoy.transport_sockets.alts, envoy.transport_sockets.quic, envoy.transport_sockets.raw_buffer, envoy.transport_sockets.starttls, envoy.transport_sockets.tap, envoy.transport_sockets.tcp_stats, envoy.transport_sockets.tls, raw_buffer, starttls, tls
[flex-gateway-envoy][info]   envoy.thrift_proxy.filters: envoy.filters.thrift.header_to_metadata, envoy.filters.thrift.payload_to_metadata, envoy.filters.thrift.rate_limit, envoy.filters.thrift.router
[flex-gateway-envoy][info]   envoy.common.key_value: envoy.key_value.file_based
[flex-gateway-envoy][info]   envoy.thrift_proxy.transports: auto, framed, header, unframed
[flex-gateway-envoy][info]   envoy.config.validators: envoy.config.validators.minimum_clusters, envoy.config.validators.minimum_clusters_validator
[flex-gateway-envoy][info]   envoy.matching.http.custom_matchers: envoy.matching.custom_matchers.trie_matcher
[flex-gateway-envoy][info]   envoy.resolvers: envoy.ip
[flex-gateway-envoy][info]   envoy.matching.network.custom_matchers: envoy.matching.custom_matchers.trie_matcher
[flex-gateway-envoy][info]   envoy.thrift_proxy.protocols: auto, binary, binary/non-strict, compact, twitter
[flex-gateway-envoy][info]   envoy.listener_manager_impl: envoy.listener_manager_impl.default, envoy.listener_manager_impl.validation
[flex-gateway-envoy][info]   envoy.path.rewrite: envoy.path.rewrite.uri_template.uri_template_rewriter
[flex-gateway-envoy][info]   envoy.health_checkers: envoy.health_checkers.grpc, envoy.health_checkers.http, envoy.health_checkers.redis, envoy.health_checkers.tcp, envoy.health_checkers.thrift
[flex-gateway-envoy][info]   envoy.clusters: envoy.cluster.eds, envoy.cluster.logical_dns, envoy.cluster.original_dst, envoy.cluster.static, envoy.cluster.strict_dns, envoy.clusters.aggregate, envoy.clusters.dynamic_forward_proxy, envoy.clusters.redis
[flex-gateway-envoy][info]   envoy.access_loggers.extension_filters: envoy.access_loggers.extension_filters.cel
[flex-gateway-envoy][info]   envoy.matching.network.input: envoy.matching.inputs.application_protocol, envoy.matching.inputs.destination_ip, envoy.matching.inputs.destination_port, envoy.matching.inputs.direct_source_ip, envoy.matching.inputs.dns_san, envoy.matching.inputs.filter_state, envoy.matching.inputs.server_name, envoy.matching.inputs.source_ip, envoy.matching.inputs.source_port, envoy.matching.inputs.source_type, envoy.matching.inputs.subject, envoy.matching.inputs.transport_protocol, envoy.matching.inputs.uri_san
[flex-gateway-envoy][info]   envoy.retry_priorities: envoy.retry_priorities.previous_priorities
[flex-gateway-envoy][info]   envoy.http.original_ip_detection: envoy.http.original_ip_detection.custom_header, envoy.http.original_ip_detection.xff
[flex-gateway-envoy][info]   envoy.config_mux: envoy.config_mux.delta_grpc_mux_factory, envoy.config_mux.grpc_mux_factory, envoy.config_mux.new_grpc_mux_factory, envoy.config_mux.sotw_grpc_mux_factory
[flex-gateway-envoy][info]   envoy.config_subscription: envoy.config_subscription.ads, envoy.config_subscription.ads_collection, envoy.config_subscription.aggregated_grpc_collection, envoy.config_subscription.delta_grpc, envoy.config_subscription.delta_grpc_collection, envoy.config_subscription.filesystem, envoy.config_subscription.filesystem_collection, envoy.config_subscription.grpc, envoy.config_subscription.rest
[flex-gateway-envoy][info]   network.connection.client: default, envoy_internal
[flex-gateway-envoy][info]   envoy.quic.server_preferred_address: quic.server_preferred_address.fixed
[flex-gateway-envoy][info]   envoy.path.match: envoy.path.match.uri_template.uri_template_matcher
[flex-gateway-envoy][info]   envoy.internal_redirect_predicates: envoy.internal_redirect_predicates.allow_listed_routes, envoy.internal_redirect_predicates.previous_routes, envoy.internal_redirect_predicates.safe_cross_scheme
[flex-gateway-envoy][info]   envoy.http.early_header_mutation: envoy.http.early_header_mutation.header_mutation
[flex-gateway-agent][debug] node: 6c08279e05f8.default, sending delta response for typeURL type.googleapis.com/envoy.config.cluster.v3.Cluster with resources: [] removed resources: [] with wildcard: true
[flex-gateway-agent][debug] node: 6c08279e05f8.default, sending delta response for typeURL type.googleapis.com/envoy.config.listener.v3.Listener with resources: [] removed resources: [] with wildcard: true
[flex-gateway-agent][info] open delta watch ID:1 for type.googleapis.com/envoy.config.cluster.v3.Cluster Resources:map[] from nodeID: "6c08279e05f8.default",  version "e3b0c44298fc1c149afbf4c8996fb92427ae41e4649b934ca495991b7852b855"
[flex-gateway-agent][info] open delta watch ID:2 for type.googleapis.com/envoy.config.listener.v3.Listener Resources:map[] from nodeID: "6c08279e05f8.default",  version "e3b0c44298fc1c149afbf4c8996fb92427ae41e4649b934ca495991b7852b855"
[flex-gateway-envoy][info]   envoy.tls.cert_validator: envoy.tls.cert_validator.default, envoy.tls.cert_validator.spiffe
[flex-gateway-envoy][info]   filter_state.object: envoy.filters.listener.original_dst.local_ip, envoy.filters.listener.original_dst.remote_ip, envoy.network.application_protocols, envoy.network.transport_socket.original_dst_address, envoy.network.upstream_server_name, envoy.network.upstream_subject_alt_names, envoy.string, envoy.tcp_proxy.cluster, envoy.tcp_proxy.disable_tunneling, envoy.upstream.dynamic_host, envoy.upstream.dynamic_port
[flex-gateway-envoy][info]   envoy.quic.connection_id_generator: envoy.quic.deterministic_connection_id_generator
[flex-gateway-envoy][info]   envoy.compression.compressor: envoy.compression.brotli.compressor, envoy.compression.gzip.compressor, envoy.compression.zstd.compressor
[flex-gateway-envoy][info]   envoy.health_check.event_sinks: envoy.health_check.event_sink.file
[flex-gateway-envoy][info]   envoy.bootstrap: envoy.bootstrap.internal_listener, envoy.bootstrap.wasm, envoy.extensions.network.socket_interface.default_socket_interface
[flex-gateway-envoy][info]   envoy.matching.http.input: envoy.matching.inputs.cel_data_input, envoy.matching.inputs.destination_ip, envoy.matching.inputs.destination_port, envoy.matching.inputs.direct_source_ip, envoy.matching.inputs.dns_san, envoy.matching.inputs.request_headers, envoy.matching.inputs.request_trailers, envoy.matching.inputs.response_headers, envoy.matching.inputs.response_trailers, envoy.matching.inputs.server_name, envoy.matching.inputs.source_ip, envoy.matching.inputs.source_port, envoy.matching.inputs.source_type, envoy.matching.inputs.status_code_class_input, envoy.matching.inputs.status_code_input, envoy.matching.inputs.subject, envoy.matching.inputs.uri_san, query_params
[flex-gateway-envoy][info]   envoy.tracers: envoy.dynamic.ot, envoy.tracers.datadog, envoy.tracers.dynamic_ot, envoy.tracers.opencensus, envoy.tracers.opentelemetry, envoy.tracers.skywalking, envoy.tracers.xray, envoy.tracers.zipkin, envoy.zipkin
[flex-gateway-envoy][info]   envoy.access_loggers: envoy.access_loggers.file, envoy.access_loggers.http_grpc, envoy.access_loggers.open_telemetry, envoy.access_loggers.stderr, envoy.access_loggers.stdout, envoy.access_loggers.tcp_grpc, envoy.access_loggers.wasm, envoy.file_access_log, envoy.http_grpc_access_log, envoy.open_telemetry_access_log, envoy.stderr_access_log, envoy.stdout_access_log, envoy.tcp_grpc_access_log, envoy.wasm_access_log
[flex-gateway-envoy][info]   envoy.rate_limit_descriptors: envoy.rate_limit_descriptors.expr
[flex-gateway-envoy][info]   quic.http_server_connection: quic.http_server_connection.default
[flex-gateway-envoy][info]   envoy.dubbo_proxy.protocols: dubbo
[flex-gateway-envoy][info]   envoy.load_balancing_policies: envoy.load_balancing_policies.cluster_provided, envoy.load_balancing_policies.least_request, envoy.load_balancing_policies.maglev, envoy.load_balancing_policies.random, envoy.load_balancing_policies.ring_hash, envoy.load_balancing_policies.round_robin, envoy.load_balancing_policies.subset
[flex-gateway-envoy][info]   envoy.resource_monitors: envoy.resource_monitors.fixed_heap, envoy.resource_monitors.injected_resource
[flex-gateway-envoy][info]   envoy.router.cluster_specifier_plugin: envoy.router.cluster_specifier_plugin.lua
[flex-gateway-envoy][info]   envoy.request_id: envoy.request_id.uuid
[flex-gateway-envoy][info] HTTP header map info:
[flex-gateway-envoy][info]   request header map: 664 bytes: :authority,:method,:path,:protocol,:scheme,accept,accept-encoding,access-control-request-headers,access-control-request-method,access-control-request-private-network,authentication,authorization,cache-control,cdn-loop,connection,content-encoding,content-length,content-type,expect,grpc-accept-encoding,grpc-timeout,if-match,if-modified-since,if-none-match,if-range,if-unmodified-since,keep-alive,origin,pragma,proxy-connection,proxy-status,referer,te,transfer-encoding,upgrade,user-agent,via,x-client-trace-id,x-envoy-attempt-count,x-envoy-decorator-operation,x-envoy-downstream-service-cluster,x-envoy-downstream-service-node,x-envoy-expected-rq-timeout-ms,x-envoy-external-address,x-envoy-force-trace,x-envoy-hedge-on-per-try-timeout,x-envoy-internal,x-envoy-ip-tags,x-envoy-is-timeout-retry,x-envoy-max-retries,x-envoy-original-path,x-envoy-original-url,x-envoy-retriable-header-names,x-envoy-retriable-status-codes,x-envoy-retry-grpc-on,x-envoy-retry-on,x-envoy-upstream-alt-stat-name,x-envoy-upstream-rq-per-try-timeout-ms,x-envoy-upstream-rq-timeout-alt-response,x-envoy-upstream-rq-timeout-ms,x-envoy-upstream-stream-duration-ms,x-forwarded-client-cert,x-forwarded-for,x-forwarded-host,x-forwarded-port,x-forwarded-proto,x-ot-span-context,x-request-id
[flex-gateway-envoy][info]   request trailer map: 120 bytes: 
[flex-gateway-envoy][info]   response header map: 432 bytes: :status,access-control-allow-credentials,access-control-allow-headers,access-control-allow-methods,access-control-allow-origin,access-control-allow-private-network,access-control-expose-headers,access-control-max-age,age,cache-control,connection,content-encoding,content-length,content-type,date,etag,expires,grpc-message,grpc-status,keep-alive,last-modified,location,proxy-connection,proxy-status,server,transfer-encoding,upgrade,vary,via,x-envoy-attempt-count,x-envoy-decorator-operation,x-envoy-degraded,x-envoy-immediate-health-check-fail,x-envoy-ratelimited,x-envoy-upstream-canary,x-envoy-upstream-healthchecked-cluster,x-envoy-upstream-service-time,x-request-id
[flex-gateway-envoy][info]   response trailer map: 144 bytes: grpc-message,grpc-status
[flex-gateway-envoy][info] runtime: layers:\n  - name: static_program_size_layer\n    static_layer:\n      overload.global_downstream_max_connections: 100000\n      re2.max_program_size.error_level: 1000\n  - name: static_envoy_header_config_layer\n    static_layer:\n      envoy.reloadable_features.send_header_raw_value: true
[flex-gateway-envoy][info] admin address: /var/tmp/mulesoft/flex-gateway/flex-gw-admin.sock
[flex-gateway-envoy][info] loading tracing configuration
[flex-gateway-envoy][info] loading 0 static secret(s)
[flex-gateway-envoy][info] loading 4 cluster(s)
[flex-gateway-envoy][info] loading 0 listener(s)
[flex-gateway-envoy][info] loading stats configuration
[flex-gateway-envoy][info] RTDS has finished initialization
[flex-gateway-envoy][info] cm init: initializing cds
[flex-gateway-envoy][info] starting main dispatch loop
[flex-gateway-envoy][info] cds: add 0 cluster(s), remove 0 cluster(s)
[flex-gateway-envoy][info] cds: added/updated 0 cluster(s), skipped 0 unmodified cluster(s)
[flex-gateway-envoy][info] cm init: all clusters initialized
[flex-gateway-envoy][info] all clusters initialized. initializing init manager
[flex-gateway-envoy][info] all dependencies initialized. starting workers
